{"sessionId": "2c900f", "runId": "pre-fix", "hypothesisId": "H1", "location": "hardware/HardwareFactory.py:create_hardware", "message": "Hardware mode requested", "data": {"requested_mode": "auto"}, "timestamp": 1778494570239}
{"sessionId": "2c900f", "runId": "pre-fix", "hypothesisId": "H1", "location": "hardware/HardwareFactory.py:create_hardware", "message": "Hardware mode resolved", "data": {"resolved_mode": "simulation"}, "timestamp": 1778494570465}
{"sessionId": "2c900f", "runId": "pre-fix", "hypothesisId": "H1", "location": "hardware/HardwareFactory.py:create_hardware", "message": "Simulation hardware instantiated", "data": {"led1_type": "<class 'hardware.Fake_leds.Fake_leds'>", "led2_type": "<class 'hardware.Fake_leds.Fake_leds'>"}, "timestamp": 1778494570983}
{"sessionId": "2c900f", "runId": "pre-fix", "hypothesisId": "H2", "location": "core/Mode_master.py:update", "message": "Frame hardware path decision", "data": {"led_count": 2, "led_types": ["<class 'hardware.Fake_leds.Fake_leds'>", "<class 'hardware.Fake_leds.Fake_leds'>"], "onRaspberry": false, "hardware_mode": "auto", "is_rpi_hardware": false}, "timestamp": 1778494571017}
{"sessionId": "2c900f", "runId": "post-fix", "hypothesisId": "H6", "location": "hardware/Fake_leds.py:show", "message": "Fake visualizer initialized", "data": {"display_init": true, "screen_size": [1300, 900], "strip_count": 2}, "timestamp": 1778494571018}
{"sessionId": "2c900f", "runId": "post-fix", "hypothesisId": "H7", "location": "hardware/Fake_leds.py:show", "message": "Fake visualizer frame drawn", "data": {"show_index": 0, "strip_max_values": [0, 0]}, "timestamp": 1778494571032}
{"sessionId": "2c900f", "runId": "post-fix", "hypothesisId": "H7", "location": "hardware/Fake_leds.py:show", "message": "Fake visualizer frame drawn", "data": {"show_index": 1, "strip_max_values": [0, 0]}, "timestamp": 1778494571039}
{"sessionId": "2c900f", "runId": "pre-fix", "hypothesisId": "H2", "location": "core/Mode_master.py:update", "message": "leds.show() executed", "data": {"show_calls": 2}, "timestamp": 1778494571040}
{"sessionId": "2c900f", "runId": "pre-fix", "hypothesisId": "H3", "location": "core/Segment.py:update_leds", "message": "Segment writing first LED sample", "data": {"segment": "Segment v4", "way": "UP", "luminosite": 1.0, "first_index": 0, "first_color": [0, 0, 0]}, "timestamp": 1778494571040}
{"sessionId": "2c900f", "runId": "pre-fix", "hypothesisId": "H3", "location": "core/Segment.py:update_leds", "message": "Segment writing first LED sample", "data": {"segment": "Segment h32", "way": "UP", "luminosite": 1.0, "first_index": 173, "first_color": [0, 0, 0]}, "timestamp": 1778494571043}
{"sessionId": "2c900f", "runId": "pre-fix", "hypothesisId": "H3", "location": "core/Segment.py:update_leds", "message": "Segment writing first LED sample", "data": {"segment": "Segment h31", "way": "UP", "luminosite": 1.0, "first_index": 221, "first_color": [0, 0, 0]}, "timestamp": 1778494571043}
{"sessionId": "2c900f", "runId": "pre-fix", "hypothesisId": "H3", "location": "core/Segment.py:update_leds", "message": "Segment writing first LED sample", "data": {"segment": "Segment h30", "way": "UP", "luminosite": 1.0, "first_index": 269, "first_color": [255, 255, 255]}, "timestamp": 1778494571044}
{"sessionId": "2c900f", "runId": "pre-fix", "hypothesisId": "H3", "location": "core/Segment.py:update_leds", "message": "Segment writing first LED sample", "data": {"segment": "Segment v3", "way": "UP", "luminosite": 1.0, "first_index": 316, "first_color": [255, 255, 255]}, "timestamp": 1778494571045}
{"sessionId": "2c900f", "runId": "pre-fix", "hypothesisId": "H3", "location": "core/Segment.py:update_leds", "message": "Segment writing first LED sample", "data": {"segment": "Segment h20", "way": "UP", "luminosite": 1.0, "first_index": 489, "first_color": [255, 255, 255]}, "timestamp": 1778494571047}
{"sessionId": "2c900f", "runId": "pre-fix", "hypothesisId": "H3", "location": "core/Segment.py:update_leds", "message": "Segment writing first LED sample", "data": {"segment": "Segment h00", "way": "UP", "luminosite": 1.0, "first_index": 580, "first_color": [0, 0, 0]}, "timestamp": 1778494571048}
{"sessionId": "2c900f", "runId": "pre-fix", "hypothesisId": "H3", "location": "core/Segment.py:update_leds", "message": "Segment writing first LED sample", "data": {"segment": "Segment v2", "way": "UP", "luminosite": 1.0, "first_index": 0, "first_color": [255, 255, 255]}, "timestamp": 1778494571051}
{"sessionId": "2c900f", "runId": "pre-fix", "hypothesisId": "H3", "location": "core/Segment.py:update_leds", "message": "Segment writing first LED sample", "data": {"segment": "Segment h11", "way": "UP", "luminosite": 1.0, "first_index": 173, "first_color": [255, 255, 255]}, "timestamp": 1778494571052}
{"sessionId": "2c900f", "runId": "pre-fix", "hypothesisId": "H3", "location": "core/Segment.py:update_leds", "message": "Segment writing first LED sample", "data": {"segment": "Segment h10", "way": "UP", "luminosite": 1.0, "first_index": 260, "first_color": [255, 255, 255]}, "timestamp": 1778494571053}
{"sessionId": "2c900f", "runId": "pre-fix", "hypothesisId": "H3", "location": "core/Segment.py:update_leds", "message": "Segment writing first LED sample", "data": {"segment": "Segment v1", "way": "UP", "luminosite": 1.0, "first_index": 346, "first_color": [0, 0, 0]}, "timestamp": 1778494571054}
{"sessionId": "2c900f", "runId": "post-fix", "hypothesisId": "H7", "location": "hardware/Fake_leds.py:show", "message": "Fake visualizer frame drawn", "data": {"show_index": 2, "strip_max_values": [255, 255]}, "timestamp": 1778494571371}
